<?xml version="1.0" encoding="UTF-8"?>
<!-- Generated by org.testng.reporters.JUnitReportReporter -->
<testsuite hostname="tvisha" failures="0" tests="1" name="com.HomeFleets.TestScripts.HomePageTest" time="16.620" errors="0" timestamp="2024-05-21T15:27:37 IST" skipped="0">
  <testcase classname="com.HomeFleets.TestScripts.HomePageTest" name="VerifyTheFunctionalityOfPropertys" time="16.620"/>
  <system-out/>
</testsuite> <!-- com.HomeFleets.TestScripts.HomePageTest -->
