<?xml version="1.0" encoding="UTF-8"?>
<!-- Generated by org.testng.reporters.JUnitReportReporter -->
<testsuite hostname="tvisha" failures="0" tests="1" name="com.HomeFleets.TestScripts.PropertyListTest" time="38.870" errors="0" timestamp="2024-05-22T12:01:46 IST" skipped="0">
  <testcase classname="com.HomeFleets.TestScripts.PropertyListTest" name="VerifyTheFunctionalityOfPropertys" time="38.870"/>
  <system-out/>
</testsuite> <!-- com.HomeFleets.TestScripts.PropertyListTest -->
